Command line:
   tb_MUX_isim_beh.exe
     -simmode  gui
     -simrunnum  2
     -socket  58603

Tue Oct 10 11:46:18 2017


 Elaboration Time: 0.046875 sec

 Current Memory Usage: 845.656 Meg

 Total Signals          : 8
 Total Nets             : 97
 Total Signal Drivers   : 4
 Total Blocks           : 3
 Total Primitive Blocks : 2
 Total Processes        : 2
 Total Traceable Variables  : 8
 Total Scalar Nets and Variables : 457
Total Line Count : 8

 Total Simulation Time: 0.0625 sec

 Current Memory Usage: 845.656 Meg

Tue Oct 10 11:46:21 2017

