Command line:
   tb_windsmanager_isim_beh.exe
     -simmode  gui
     -simrunnum  0
     -socket  50480

Tue Oct 31 17:02:51 2017


 Elaboration Time: 0.046875 sec

 Current Memory Usage: 845.775 Meg

 Total Signals          : 23
 Total Nets             : 48
 Total Signal Drivers   : 13
 Total Blocks           : 5
 Total Primitive Blocks : 4
 Total Processes        : 5
 Total Traceable Variables  : 10
 Total Scalar Nets and Variables : 426
Total Line Count : 31

 Total Simulation Time: 0.078125 sec

 Current Memory Usage: 845.775 Meg

Tue Oct 31 17:06:07 2017

