Command line:
   tb_sumador_isim_beh.exe
     -simmode  gui
     -simrunnum  0
     -socket  59043

Tue Oct 10 13:53:10 2017


 Elaboration Time: 0.03125 sec

 Current Memory Usage: 845.754 Meg

 Total Signals          : 6
 Total Nets             : 96
 Total Signal Drivers   : 3
 Total Blocks           : 5
 Total Primitive Blocks : 4
 Total Processes        : 2
 Total Traceable Variables  : 10
 Total Scalar Nets and Variables : 474
Total Line Count : 4

 Total Simulation Time: 0.0625 sec

 Current Memory Usage: 373.895 Meg

Tue Oct 10 14:19:27 2017

