Running: C:\Xilinx\14.7\ISE_DS\ISE\bin\nt64\unwrapped\fuse.exe -intstyle ise -incremental -o C:/Users/manuel/Desktop/ArqComp2-2017/procesador1/instructionMemory_isim_beh.exe -prj C:/Users/manuel/Desktop/ArqComp2-2017/procesador1/instructionMemory_beh.prj work.instructionMemory 
ISim P.20131013 (signature 0x7708f090)
Number of CPUs detected in this system: 4
Turning on mult-threading, number of parallel sub-compilation jobs: 8 
Determining compilation order of HDL files
Parsing VHDL file "C:/Users/manuel/Desktop/ArqComp2-2017/procesador1/IM.vhd" into library work
Starting static elaboration
Completed static elaboration
Compiling package standard
Compiling package std_logic_1164
Compiling package std_logic_arith
Compiling package std_logic_unsigned
Compiling package textio
Compiling architecture arqinstructionmemory of entity instructionmemory
Time Resolution for simulation is 1ps.
Waiting for 1 sub-compilation(s) to finish...
Compiled 6 VHDL Units
Built simulation executable C:/Users/manuel/Desktop/ArqComp2-2017/procesador1/instructionMemory_isim_beh.exe
Fuse Memory Usage: 34256 KB
Fuse CPU Usage: 780 ms
