Command line:
   tb_sumador_isim_beh.exe
     -simmode  gui
     -simrunnum  2
     -socket  58350

Tue Oct 10 11:26:44 2017


 Elaboration Time: 0.03125 sec

 Current Memory Usage: 845.701 Meg

 Total Signals          : 5
 Total Nets             : 96
 Total Signal Drivers   : 2
 Total Blocks           : 4
 Total Primitive Blocks : 3
 Total Processes        : 2
 Total Traceable Variables  : 13
 Total Scalar Nets and Variables : 579
Total Line Count : 3

 Total Simulation Time: 0.046875 sec

 Current Memory Usage: 845.701 Meg

Tue Oct 10 11:26:47 2017

