Command line:
   tb_resgisterfile_isim_beh.exe
     -simmode  gui
     -simrunnum  2
     -socket  58280

Tue Oct 10 11:19:14 2017


 Elaboration Time: 0.03125 sec

 Current Memory Usage: 845.742 Meg

 Total Signals          : 15
 Total Nets             : 1136
 Total Signal Drivers   : 8
 Total Blocks           : 5
 Total Primitive Blocks : 4
 Total Processes        : 2
 Total Traceable Variables  : 10
 Total Scalar Nets and Variables : 1514
Total Line Count : 22

 Total Simulation Time: 0.046875 sec

 Current Memory Usage: 845.742 Meg

Tue Oct 10 11:19:17 2017

