Command line:
   tb_im_isim_beh.exe
     -simmode  gui
     -simrunnum  0
     -socket  58268

Tue Oct 10 11:18:42 2017


 Elaboration Time: 0.03125 sec

 Current Memory Usage: 849.887 Meg

 Total Signals          : 7
 Total Nets             : 2113
 Total Signal Drivers   : 3
 Total Blocks           : 6
 Total Primitive Blocks : 5
 Total Processes        : 2
 Total Traceable Variables  : 10
 Total Scalar Nets and Variables : 2491
Total Line Count : 6

 Total Simulation Time: 0.0625 sec

 Current Memory Usage: 849.887 Meg

Tue Oct 10 11:18:47 2017

