Command line:
   tb_PSRmd_isim_beh.exe
     -simmode  gui
     -simrunnum  0
     -socket  61907

Mon Oct 16 22:00:52 2017


 Elaboration Time: 0.03125 sec

 Current Memory Usage: 845.636 Meg

 Total Signals          : 12
 Total Nets             : 107
 Total Signal Drivers   : 6
 Total Blocks           : 3
 Total Primitive Blocks : 2
 Total Processes        : 2
 Total Traceable Variables  : 8
 Total Scalar Nets and Variables : 467
Total Line Count : 31
In process PSRmd.vhd:44 
 FATAL ERROR:ISim: This application has discovered an exceptional condition from which it cannot recover. Process will terminate. To search for possible resolutions to this issue, refer to the Xilinx answer database by going to http://www.xilinx.com/support/answers/index.htm and search with keywords 'ISim' and 'FATAL ERROR'. For technical support on this issue, please open a WebCase with this project attached at http://www.xilinx.com/support.

 Total Simulation Time: 0.390625 sec

 Current Memory Usage: 1195.67 Meg

Mon Oct 16 22:01:36 2017

