Command line:
   procesador2_isim_beh.exe
     -simmode  gui
     -simrunnum  2
     -socket  59527

Tue Oct 10 15:03:07 2017


 Elaboration Time: 0.046875 sec

 Current Memory Usage: 849.977 Meg

 Total Signals          : 50
 Total Nets             : 3432
 Total Signal Drivers   : 12
 Total Blocks           : 14
 Total Primitive Blocks : 13
 Total Processes        : 10
 Total Traceable Variables  : 10
 Total Scalar Nets and Variables : 3810
Total Line Count : 50

 Total Simulation Time: 0.125 sec

 Current Memory Usage: 1164.55 Meg

Tue Oct 10 15:04:02 2017

