Command line:
   tb_nextProgramCounter_isim_beh.exe
     -simmode  gui
     -simrunnum  0
     -socket  58950

Tue Oct 10 13:20:59 2017


 Elaboration Time: 0.03125 sec

 Current Memory Usage: 846.123 Meg

 Total Signals          : 8
 Total Nets             : 66
 Total Signal Drivers   : 4
 Total Blocks           : 3
 Total Primitive Blocks : 2
 Total Processes        : 3
 Total Traceable Variables  : 9
 Total Scalar Nets and Variables : 427
Total Line Count : 18

 Total Simulation Time: 0.03125 sec

 Current Memory Usage: 846.123 Meg

Tue Oct 10 13:21:04 2017

