Command line:
   tb_procesador2_isim_beh.exe
     -simmode  gui
     -simrunnum  2
     -socket  59691

Tue Oct 10 15:40:49 2017


 Elaboration Time: 0.078125 sec

 Current Memory Usage: 849.924 Meg

 Total Signals          : 53
 Total Nets             : 3432
 Total Signal Drivers   : 14
 Total Blocks           : 15
 Total Primitive Blocks : 13
 Total Processes        : 12
 Total Traceable Variables  : 11
 Total Scalar Nets and Variables : 3811
Total Line Count : 59

 Total Simulation Time: 1.53125 sec

 Current Memory Usage: 1007.21 Meg

Tue Oct 10 16:00:30 2017

